-------------------------------------------------------------------------------
Test set: com.pets.tests.XssSqliTest
-------------------------------------------------------------------------------
Tests run: 2, Failures: 1, Errors: 0, Skipped: 0, Time elapsed: 20.01 s <<< FAILURE! -- in com.pets.tests.XssSqliTest
com.pets.tests.XssSqliTest.testXssSqliClientes -- Time elapsed: 9.299 s <<< FAILURE!
org.opentest4j.MultipleFailuresError: 
XSS/SQLi en Clientes (C-I-05) — BUG-006 ABIERTO (2 failures)
	org.opentest4j.AssertionFailedError: [FALLO SEGURIDAD] El registro con payload se guardó en la tabla. BUG-006 ==> expected: <false> but was: <true>
	org.opentest4j.AssertionFailedError: [INFO] Se esperaba mensaje de error o rechazo del formulario. BUG-006 ==> expected: <true> but was: <false>
	at org.junit.jupiter.api.AssertAll.assertAll(AssertAll.java:80)
	at org.junit.jupiter.api.AssertAll.assertAll(AssertAll.java:44)
	at org.junit.jupiter.api.Assertions.assertAll(Assertions.java:2961)
	at com.pets.tests.XssSqliTest.testXssSqliClientes(XssSqliTest.java:140)
	at java.base/java.lang.reflect.Method.invoke(Method.java:578)
	at java.base/java.util.ArrayList.forEach(ArrayList.java:1511)
	at java.base/java.util.ArrayList.forEach(ArrayList.java:1511)
	Suppressed: org.opentest4j.AssertionFailedError: [FALLO SEGURIDAD] El registro con payload se guardó en la tabla. BUG-006 ==> expected: <false> but was: <true>
		at org.junit.jupiter.api.AssertionFailureBuilder.build(AssertionFailureBuilder.java:151)
		at org.junit.jupiter.api.AssertionFailureBuilder.buildAndThrow(AssertionFailureBuilder.java:132)
		at org.junit.jupiter.api.AssertFalse.failNotFalse(AssertFalse.java:63)
		at org.junit.jupiter.api.AssertFalse.assertFalse(AssertFalse.java:36)
		at org.junit.jupiter.api.Assertions.assertFalse(Assertions.java:239)
		at com.pets.tests.XssSqliTest.lambda$1(XssSqliTest.java:143)
		at org.junit.jupiter.api.AssertAll.lambda$assertAll$0(AssertAll.java:68)
		at java.base/java.util.stream.ReferencePipeline$3$1.accept(ReferencePipeline.java:197)
		at java.base/java.util.Spliterators$ArraySpliterator.forEachRemaining(Spliterators.java:1006)
		at java.base/java.util.stream.AbstractPipeline.copyInto(AbstractPipeline.java:509)
		at java.base/java.util.stream.AbstractPipeline.wrapAndCopyInto(AbstractPipeline.java:499)
		at java.base/java.util.stream.ReduceOps$ReduceOp.evaluateSequential(ReduceOps.java:921)
		at java.base/java.util.stream.AbstractPipeline.evaluate(AbstractPipeline.java:234)
		at java.base/java.util.stream.ReferencePipeline.collect(ReferencePipeline.java:682)
		at org.junit.jupiter.api.AssertAll.assertAll(AssertAll.java:77)
		... 6 more
	Suppressed: org.opentest4j.AssertionFailedError: [INFO] Se esperaba mensaje de error o rechazo del formulario. BUG-006 ==> expected: <true> but was: <false>
		at org.junit.jupiter.api.AssertionFailureBuilder.build(AssertionFailureBuilder.java:151)
		at org.junit.jupiter.api.AssertionFailureBuilder.buildAndThrow(AssertionFailureBuilder.java:132)
		at org.junit.jupiter.api.AssertTrue.failNotTrue(AssertTrue.java:63)
		at org.junit.jupiter.api.AssertTrue.assertTrue(AssertTrue.java:36)
		at org.junit.jupiter.api.Assertions.assertTrue(Assertions.java:214)
		at com.pets.tests.XssSqliTest.lambda$2(XssSqliTest.java:145)
		at org.junit.jupiter.api.AssertAll.lambda$assertAll$0(AssertAll.java:68)
		at java.base/java.util.stream.ReferencePipeline$3$1.accept(ReferencePipeline.java:197)
		at java.base/java.util.Spliterators$ArraySpliterator.forEachRemaining(Spliterators.java:1006)
		at java.base/java.util.stream.AbstractPipeline.copyInto(AbstractPipeline.java:509)
		at java.base/java.util.stream.AbstractPipeline.wrapAndCopyInto(AbstractPipeline.java:499)
		at java.base/java.util.stream.ReduceOps$ReduceOp.evaluateSequential(ReduceOps.java:921)
		at java.base/java.util.stream.AbstractPipeline.evaluate(AbstractPipeline.java:234)
		at java.base/java.util.stream.ReferencePipeline.collect(ReferencePipeline.java:682)
		at org.junit.jupiter.api.AssertAll.assertAll(AssertAll.java:77)
		... 6 more

