<?xml version="1.0" encoding="UTF-8"?>
<testsuite xmlns:xsi="http://www.w3.org/2001/XMLSchema-instance" xsi:noNamespaceSchemaLocation="https://maven.apache.org/surefire/maven-surefire-plugin/xsd/surefire-test-report.xsd" version="3.0.1" name="com.pets.tests.CrudMascotaTest" time="23.397" tests="3" errors="0" skipped="0" failures="0">
  <properties>
[...]
</properties>
  <testcase name="testCrearMascota" classname="com.pets.tests.CrudMascotaTest" time="9.888">
    <system-out><![CDATA[2026-05-16T03:58:45.434955500Z main ERROR Log4j2 could not find a logging implementation. Please add log4j-core to the classpath. Using SimpleLogger to log to the console...
[Screenshot 1/3] → reports\screenshots\M-V-01_Crear_mascota_MASC-001_RF09\01_formulario_nuevo__20260515_225851.png
[Screenshot 2/3] → reports\screenshots\M-V-01_Crear_mascota_MASC-001_RF09\02_campos_rellenos__20260515_225852.png
[Screenshot 3/3] → reports\screenshots\M-V-01_Crear_mascota_MASC-001_RF09\03_resultado_crear__20260515_225852.png
]]></system-out>
    <system-err><![CDATA[SLF4J(W): No SLF4J providers were found.
SLF4J(W): Defaulting to no-operation (NOP) logger implementation
SLF4J(W): See https://www.slf4j.org/codes.html#noProviders for further details.
may 15, 2026 10:58:45 P. M. org.openqa.selenium.devtools.CdpVersionFinder findNearestMatch
WARNING: Unable to find CDP implementation matching 148
may 15, 2026 10:58:45 P. M. org.openqa.selenium.chromium.ChromiumDriver lambda$new$5
WARNING: Unable to find version of CDP to use for 148.0.7778.168. You may need to include a dependency on a specific version of the CDP using something similar to `org.seleniumhq.selenium:selenium-devtools-v86:4.21.0` where the version ("v86") matches the version of the chromium-based browser you're using and the version number of the artifact is the same as Selenium's.
]]></system-err>
  </testcase>
  <testcase name="testEditarMascota" classname="com.pets.tests.CrudMascotaTest" time="7.039">
    <system-out><![CDATA[[Screenshot 1/3] → reports\screenshots\M-EDIT-01_Editar_mascota_MASC-001_MaxEditado_RF11\01_tabla_antes_editar__20260515_225858.png
[Screenshot 2/3] → reports\screenshots\M-EDIT-01_Editar_mascota_MASC-001_MaxEditado_RF11\02_formulario_edicion__20260515_225858.png
[Screenshot 3/3] → reports\screenshots\M-EDIT-01_Editar_mascota_MASC-001_MaxEditado_RF11\03_resultado_editar__20260515_225859.png
]]></system-out>
    <system-err><![CDATA[may 15, 2026 10:58:54 P. M. org.openqa.selenium.devtools.CdpVersionFinder findNearestMatch
WARNING: Unable to find CDP implementation matching 148
may 15, 2026 10:58:54 P. M. org.openqa.selenium.chromium.ChromiumDriver lambda$new$5
WARNING: Unable to find version of CDP to use for 148.0.7778.168. You may need to include a dependency on a specific version of the CDP using something similar to `org.seleniumhq.selenium:selenium-devtools-v86:4.21.0` where the version ("v86") matches the version of the chromium-based browser you're using and the version number of the artifact is the same as Selenium's.
]]></system-err>
  </testcase>
  <testcase name="testEliminarMascota" classname="com.pets.tests.CrudMascotaTest" time="6.437">
    <system-out><![CDATA[[Screenshot 1/3] → reports\screenshots\M-DEL-01_Eliminar_mascota_MASC-003_con_confirmaci_n_RF12\01_tabla_antes_eliminar__20260515_225905.png
[Screenshot 2/3] → reports\screenshots\M-DEL-01_Eliminar_mascota_MASC-003_con_confirmaci_n_RF12\02_dialogo_confirmacion__20260515_225905.png
[Screenshot 3/3] → reports\screenshots\M-DEL-01_Eliminar_mascota_MASC-003_con_confirmaci_n_RF12\03_resultado_eliminar__20260515_225906.png
]]></system-out>
    <system-err><![CDATA[may 15, 2026 10:59:01 P. M. org.openqa.selenium.devtools.CdpVersionFinder findNearestMatch
WARNING: Unable to find CDP implementation matching 148
may 15, 2026 10:59:01 P. M. org.openqa.selenium.chromium.ChromiumDriver lambda$new$5
WARNING: Unable to find version of CDP to use for 148.0.7778.168. You may need to include a dependency on a specific version of the CDP using something similar to `org.seleniumhq.selenium:selenium-devtools-v86:4.21.0` where the version ("v86") matches the version of the chromium-based browser you're using and the version number of the artifact is the same as Selenium's.
]]></system-err>
  </testcase>
</testsuite>